<?xml version="1.0" encoding="UTF-8"?>
<testsuite xmlns:xsi="http://www.w3.org/2001/XMLSchema-instance" xsi:noNamespaceSchemaLocation="https://maven.apache.org/surefire/maven-surefire-plugin/xsd/surefire-test-report-3.0.xsd" version="3.0" name="uta.cse3310.GameTest" time="0.019" tests="1" errors="0" skipped="0" failures="0">
  <properties>
    <property name="java.specification.version" value="17"/>
    <property name="sun.jnu.encoding" value="UTF-8"/>
    <property name="java.class.path" value="/home/vboxuser/cse3310_sp24_group_18/target/test-classes:/home/vboxuser/cse3310_sp24_group_18/target/classes:/home/vboxuser/.m2/repository/net/freeutils/jlhttp/2.6/jlhttp-2.6.jar:/home/vboxuser/.m2/repository/com/google/code/gson/gson/2.8.9/gson-2.8.9.jar:/home/vboxuser/.m2/repository/org/java-websocket/Java-WebSocket/1.5.4/Java-WebSocket-1.5.4.jar:/home/vboxuser/.m2/repository/org/slf4j/slf4j-api/2.0.6/slf4j-api-2.0.6.jar:/home/vboxuser/.m2/repository/junit/junit/4.12/junit-4.12.jar:/home/vboxuser/.m2/repository/org/hamcrest/hamcrest-core/1.3/hamcrest-core-1.3.jar:"/>
    <property name="java.vm.vendor" value="Private Build"/>
    <property name="sun.arch.data.model" value="64"/>
    <property name="java.vendor.url" value="Unknown"/>
    <property name="os.name" value="Linux"/>
    <property name="java.vm.specification.version" value="17"/>
    <property name="sun.java.launcher" value="SUN_STANDARD"/>
    <property name="user.country" value="US"/>
    <property name="sun.boot.library.path" value="/usr/lib/jvm/java-17-openjdk-amd64/lib"/>
    <property name="sun.java.command" value="/home/vboxuser/cse3310_sp24_group_18/target/surefire/surefirebooter8420002244949715611.jar /home/vboxuser/cse3310_sp24_group_18/target/surefire 2024-04-24T02-29-46_393-jvmRun1 surefire2761568498086047900tmp surefire_07412260104886487612tmp"/>
    <property name="jdk.debug" value="release"/>
    <property name="surefire.test.class.path" value="/home/vboxuser/cse3310_sp24_group_18/target/test-classes:/home/vboxuser/cse3310_sp24_group_18/target/classes:/home/vboxuser/.m2/repository/net/freeutils/jlhttp/2.6/jlhttp-2.6.jar:/home/vboxuser/.m2/repository/com/google/code/gson/gson/2.8.9/gson-2.8.9.jar:/home/vboxuser/.m2/repository/org/java-websocket/Java-WebSocket/1.5.4/Java-WebSocket-1.5.4.jar:/home/vboxuser/.m2/repository/org/slf4j/slf4j-api/2.0.6/slf4j-api-2.0.6.jar:/home/vboxuser/.m2/repository/junit/junit/4.12/junit-4.12.jar:/home/vboxuser/.m2/repository/org/hamcrest/hamcrest-core/1.3/hamcrest-core-1.3.jar:"/>
    <property name="sun.cpu.endian" value="little"/>
    <property name="user.home" value="/home/vboxuser"/>
    <property name="user.language" value="en"/>
    <property name="java.specification.vendor" value="Oracle Corporation"/>
    <property name="java.version.date" value="2023-10-17"/>
    <property name="java.home" value="/usr/lib/jvm/java-17-openjdk-amd64"/>
    <property name="file.separator" value="/"/>
    <property name="basedir" value="/home/vboxuser/cse3310_sp24_group_18"/>
    <property name="java.vm.compressedOopsMode" value="Zero based"/>
    <property name="line.separator" value="&#10;"/>
    <property name="java.vm.specification.vendor" value="Oracle Corporation"/>
    <property name="java.specification.name" value="Java Platform API Specification"/>
    <property name="surefire.real.class.path" value="/home/vboxuser/cse3310_sp24_group_18/target/surefire/surefirebooter8420002244949715611.jar"/>
    <property name="sun.management.compiler" value="HotSpot 64-Bit Tiered Compilers"/>
    <property name="java.runtime.version" value="17.0.9+9-Ubuntu-122.04"/>
    <property name="user.name" value="vboxuser"/>
    <property name="path.separator" value=":"/>
    <property name="os.version" value="6.5.0-17-generic"/>
    <property name="java.runtime.name" value="OpenJDK Runtime Environment"/>
    <property name="file.encoding" value="UTF-8"/>
    <property name="java.vm.name" value="OpenJDK 64-Bit Server VM"/>
    <property name="localRepository" value="/home/vboxuser/.m2/repository"/>
    <property name="java.vendor.url.bug" value="Unknown"/>
    <property name="java.io.tmpdir" value="/tmp"/>
    <property name="java.version" value="17.0.9"/>
    <property name="user.dir" value="/home/vboxuser/cse3310_sp24_group_18"/>
    <property name="os.arch" value="amd64"/>
    <property name="java.vm.specification.name" value="Java Virtual Machine Specification"/>
    <property name="native.encoding" value="UTF-8"/>
    <property name="java.library.path" value="/usr/java/packages/lib:/usr/lib/x86_64-linux-gnu/jni:/lib/x86_64-linux-gnu:/usr/lib/x86_64-linux-gnu:/usr/lib/jni:/lib:/usr/lib"/>
    <property name="java.vm.info" value="mixed mode, sharing"/>
    <property name="java.vendor" value="Private Build"/>
    <property name="java.vm.version" value="17.0.9+9-Ubuntu-122.04"/>
    <property name="sun.io.unicode.encoding" value="UnicodeLittle"/>
    <property name="java.class.version" value="61.0"/>
  </properties>
  <testcase name="testCase" classname="uta.cse3310.GameTest" time="0.018">
    <system-out><![CDATA[Words loaded successfully
Creating game with lobby name: TestLobby and room id: TestRoom
Grid for [game: TestLobby room: TestRoom
_ _ _ _ _ _ _ _ _ _ A r r i n e r a N _ 
_ _ I _ _ _ _ _ _ _ _ B u g a t t i o _ 
_ _ t _ _ _ P _ _ _ _ _ A p o l l o b _ 
_ _ a _ G F a _ _ _ Z e n v o _ _ _ l _ 
_ _ l _ u e g _ _ L e v a n t e _ _ e A 
_ _ d _ m r a A s t o n M a r t i n _ s 
_ M e _ p r n _ _ _ _ _ _ _ _ _ _ _ _ p 
K a s _ e a i _ _ _ _ _ F L _ _ _ _ _ a 
o y i _ r r D e v e l _ e a _ R _ S _ r 
e b g _ t i _ _ _ _ _ _ n m _ i _ p _ k 
n a n _ _ _ _ _ _ _ _ _ y b _ m _ y _ _ 
i c _ _ _ B e n t l e y r o _ a C k _ _ 
g h M a s e r a t i _ _ _ r _ c z e _ W 
s _ _ _ _ _ _ _ _ _ _ _ _ g _ _ i r _ M 
e _ M c L a r e n _ _ _ _ h _ _ n _ S o 
g _ _ _ _ _ _ _ _ _ _ _ _ i _ _ g _ a t 
g _ _ _ _ _ _ _ _ _ _ _ _ n _ _ e _ l o 
_ _ _ _ B r a b h a m _ _ i _ _ r _ e r 
_ _ _ _ _ _ _ _ P o r s c h e _ _ _ e s 
_ _ _ _ _ H e n n e s s e y _ _ _ _ n _ 
----------PLACED WORDS-------------
Hennessey Fenyr Levante Brabham AstonMartin Aspark Ferrari Maserati Porsche Arrinera Zenvo WMotors Gumpert Italdesign Noble Apollo Bugatti Pagani Rimac Bentley Lamborghini Devel Czinger Maybach Spyker Saleen McLaren Koenigsegg 

Total words: 28
------------------------------------


]]></system-out>
  </testcase>
</testsuite>