<?xml version="1.0" encoding="UTF-8"?>
<testsuite xmlns:xsi="http://www.w3.org/2001/XMLSchema-instance" xsi:noNamespaceSchemaLocation="https://maven.apache.org/surefire/maven-surefire-plugin/xsd/surefire-test-report-3.0.xsd" version="3.0" name="uta.cse3310.GameTest" time="5.474" tests="1" errors="0" skipped="0" failures="0">
  <properties>
    <property name="gopherProxySet" value="false"/>
    <property name="awt.toolkit" value="sun.lwawt.macosx.LWCToolkit"/>
    <property name="java.specification.version" value="11"/>
    <property name="sun.cpu.isalist" value=""/>
    <property name="sun.jnu.encoding" value="UTF-8"/>
    <property name="java.class.path" value="/Users/axjh03/cse3310_sp24_group_18/target/test-classes:/Users/axjh03/cse3310_sp24_group_18/target/classes:/Users/axjh03/.m2/repository/net/freeutils/jlhttp/2.6/jlhttp-2.6.jar:/Users/axjh03/.m2/repository/com/google/code/gson/gson/2.8.9/gson-2.8.9.jar:/Users/axjh03/.m2/repository/org/java-websocket/Java-WebSocket/1.5.4/Java-WebSocket-1.5.4.jar:/Users/axjh03/.m2/repository/org/slf4j/slf4j-api/2.0.6/slf4j-api-2.0.6.jar:/Users/axjh03/.m2/repository/junit/junit/4.12/junit-4.12.jar:/Users/axjh03/.m2/repository/org/hamcrest/hamcrest-core/1.3/hamcrest-core-1.3.jar:"/>
    <property name="java.vm.vendor" value="Azul Systems, Inc."/>
    <property name="sun.arch.data.model" value="64"/>
    <property name="java.vendor.url" value="http://www.azul.com/"/>
    <property name="user.timezone" value=""/>
    <property name="java.vm.specification.version" value="11"/>
    <property name="os.name" value="Mac OS X"/>
    <property name="sun.java.launcher" value="SUN_STANDARD"/>
    <property name="user.country" value="US"/>
    <property name="sun.boot.library.path" value="/Users/axjh03/.sdkman/candidates/java/11.0.12-zulu/zulu-11.jdk/Contents/Home/lib"/>
    <property name="sun.java.command" value="/Users/axjh03/cse3310_sp24_group_18/target/surefire/surefirebooter10991349648445783359.jar /Users/axjh03/cse3310_sp24_group_18/target/surefire 2024-04-28T09-58-12_233-jvmRun1 surefire11234507404431098939tmp surefire_05849150619528857288tmp"/>
    <property name="jdk.debug" value="release"/>
    <property name="surefire.test.class.path" value="/Users/axjh03/cse3310_sp24_group_18/target/test-classes:/Users/axjh03/cse3310_sp24_group_18/target/classes:/Users/axjh03/.m2/repository/net/freeutils/jlhttp/2.6/jlhttp-2.6.jar:/Users/axjh03/.m2/repository/com/google/code/gson/gson/2.8.9/gson-2.8.9.jar:/Users/axjh03/.m2/repository/org/java-websocket/Java-WebSocket/1.5.4/Java-WebSocket-1.5.4.jar:/Users/axjh03/.m2/repository/org/slf4j/slf4j-api/2.0.6/slf4j-api-2.0.6.jar:/Users/axjh03/.m2/repository/junit/junit/4.12/junit-4.12.jar:/Users/axjh03/.m2/repository/org/hamcrest/hamcrest-core/1.3/hamcrest-core-1.3.jar:"/>
    <property name="sun.cpu.endian" value="little"/>
    <property name="user.home" value="/Users/axjh03"/>
    <property name="user.language" value="en"/>
    <property name="java.specification.vendor" value="Oracle Corporation"/>
    <property name="java.version.date" value="2021-07-20"/>
    <property name="java.home" value="/Users/axjh03/.sdkman/candidates/java/11.0.12-zulu/zulu-11.jdk/Contents/Home"/>
    <property name="file.separator" value="/"/>
    <property name="basedir" value="/Users/axjh03/cse3310_sp24_group_18"/>
    <property name="java.vm.compressedOopsMode" value="Zero based"/>
    <property name="line.separator" value="&#10;"/>
    <property name="java.specification.name" value="Java Platform API Specification"/>
    <property name="java.vm.specification.vendor" value="Oracle Corporation"/>
    <property name="jdk.vendor.version" value="Zulu11.50+19-CA"/>
    <property name="java.awt.graphicsenv" value="sun.awt.CGraphicsEnvironment"/>
    <property name="surefire.real.class.path" value="/Users/axjh03/cse3310_sp24_group_18/target/surefire/surefirebooter10991349648445783359.jar"/>
    <property name="sun.management.compiler" value="HotSpot 64-Bit Tiered Compilers"/>
    <property name="java.runtime.version" value="11.0.12+7-LTS"/>
    <property name="user.name" value="axjh03"/>
    <property name="path.separator" value=":"/>
    <property name="os.version" value="14.4.1"/>
    <property name="java.runtime.name" value="OpenJDK Runtime Environment"/>
    <property name="file.encoding" value="UTF-8"/>
    <property name="java.vm.name" value="OpenJDK 64-Bit Server VM"/>
    <property name="java.vendor.version" value="Zulu11.50+19-CA"/>
    <property name="localRepository" value="/Users/axjh03/.m2/repository"/>
    <property name="java.vendor.url.bug" value="http://www.azul.com/support/"/>
    <property name="java.io.tmpdir" value="/var/folders/q8/ghn7h1fn33j_4d4_mhfdxw1c0000gn/T/"/>
    <property name="java.version" value="11.0.12"/>
    <property name="user.dir" value="/Users/axjh03/cse3310_sp24_group_18"/>
    <property name="os.arch" value="aarch64"/>
    <property name="java.vm.specification.name" value="Java Virtual Machine Specification"/>
    <property name="java.awt.printerjob" value="sun.lwawt.macosx.CPrinterJob"/>
    <property name="sun.os.patch.level" value="unknown"/>
    <property name="java.library.path" value="/Users/axjh03/Library/Java/Extensions:/Library/Java/Extensions:/Network/Library/Java/Extensions:/System/Library/Java/Extensions:/usr/lib/java:."/>
    <property name="java.vm.info" value="mixed mode"/>
    <property name="java.vendor" value="Azul Systems, Inc."/>
    <property name="java.vm.version" value="11.0.12+7-LTS"/>
    <property name="sun.io.unicode.encoding" value="UnicodeBig"/>
    <property name="java.class.version" value="55.0"/>
  </properties>
  <testcase name="testCase" classname="uta.cse3310.GameTest" time="5.471">
    <system-out><![CDATA[Words loaded successfully. Total words read in words.txt: 8650
Creating game with lobby name: TestLobby and room id: TestRoom
Y E T E L I O T R U L T S E K B U Y E R 
L C A U S I N G S O S B B D C X S N S U 
H I H T I W A S B E Z I M I O D A D E C 
G N E E S R E M S B M R U S N B N I L O 
U Y X A T R Y O I W J D D E K A A N B N 
O E A L D S L G R A I N I B B R E D U T 
R V U D N C T H H C H E A P R C E I O R 
O I A L W T N E V E R P F E N N M A R O 
H T S I T N A H P E L E S A O O S Y T V 
T C I N H D A W C N N T D I R T K C R E 
O U G K T A R L O E E O T E U W P G Q R 
W D N E S L R O U D N A I C S D E U C S 
L O A D I N P V W F R T T T L D A R G I 
A R L M H T A R E I N R R O A R N E C A 
N P S Y A L P S P S O I V A T T N A S L 
O E E U E U Q X D H T E A E L E P E T S 
S R A B L E E P S A L J R P R T I A O S 
R E L E C T R O K Y Q S L O O T S F D Q 
E Z G L G N I H C A E R U O U N T W I A 
P F A Z S E G A T S Q S K D E R O N G I 
----------PLACED WORDS-------------
QUARTERS HIST BESIDE SOFT REPRODUCTIVE PLAYS ADAPTATION THOROUGHLY HARVEST NASDAQ WORD BIRD CENTRAL ARRESTED DUTIES TROUBLE TOOK SYMBOL ADDRESS CONTROVERSIAL STANDS GENEROUS INDIA LINKED PAINFUL ELEPHANT ABLE ELECTRO DUMB CAUSING CLOSEST IGNORE LOVELY DANCE PERSONAL EXPIRATION STAGES GRAIN BUYER SEEN ULTRA TOILET SIGNAL REACHING PREVENT QUEUE WITH SHORTCUTS KNOCK MORE CHEAP BANDS CREW 

Total words: 53
------------------------------------


Density of valid words in the grid: 0.83750
Resetting game in lobby: TestLobby
Game reset in lobby: TestLobby
]]></system-out>
  </testcase>
</testsuite>