<?xml version="1.0" encoding="UTF-8"?>
<testsuite xmlns:xsi="http://www.w3.org/2001/XMLSchema-instance" xsi:noNamespaceSchemaLocation="https://maven.apache.org/surefire/maven-surefire-plugin/xsd/surefire-test-report-3.0.xsd" version="3.0" name="uta.cse3310.GameTest" time="3.316" tests="1" errors="0" skipped="0" failures="0">
  <properties>
    <property name="java.specification.version" value="17"/>
    <property name="sun.jnu.encoding" value="UTF-8"/>
    <property name="java.class.path" value="/home/vboxuser/cse3310_sp24_group_18/target/test-classes:/home/vboxuser/cse3310_sp24_group_18/target/classes:/home/vboxuser/.m2/repository/net/freeutils/jlhttp/2.6/jlhttp-2.6.jar:/home/vboxuser/.m2/repository/com/google/code/gson/gson/2.8.9/gson-2.8.9.jar:/home/vboxuser/.m2/repository/org/java-websocket/Java-WebSocket/1.5.4/Java-WebSocket-1.5.4.jar:/home/vboxuser/.m2/repository/org/slf4j/slf4j-api/2.0.6/slf4j-api-2.0.6.jar:/home/vboxuser/.m2/repository/junit/junit/4.12/junit-4.12.jar:/home/vboxuser/.m2/repository/org/hamcrest/hamcrest-core/1.3/hamcrest-core-1.3.jar:"/>
    <property name="java.vm.vendor" value="Private Build"/>
    <property name="sun.arch.data.model" value="64"/>
    <property name="java.vendor.url" value="Unknown"/>
    <property name="os.name" value="Linux"/>
    <property name="java.vm.specification.version" value="17"/>
    <property name="sun.java.launcher" value="SUN_STANDARD"/>
    <property name="user.country" value="US"/>
    <property name="sun.boot.library.path" value="/usr/lib/jvm/java-17-openjdk-amd64/lib"/>
    <property name="sun.java.command" value="/home/vboxuser/cse3310_sp24_group_18/target/surefire/surefirebooter15897659204222183776.jar /home/vboxuser/cse3310_sp24_group_18/target/surefire 2024-04-25T12-05-16_747-jvmRun1 surefire204340287830174979tmp surefire_04523929133355464721tmp"/>
    <property name="jdk.debug" value="release"/>
    <property name="surefire.test.class.path" value="/home/vboxuser/cse3310_sp24_group_18/target/test-classes:/home/vboxuser/cse3310_sp24_group_18/target/classes:/home/vboxuser/.m2/repository/net/freeutils/jlhttp/2.6/jlhttp-2.6.jar:/home/vboxuser/.m2/repository/com/google/code/gson/gson/2.8.9/gson-2.8.9.jar:/home/vboxuser/.m2/repository/org/java-websocket/Java-WebSocket/1.5.4/Java-WebSocket-1.5.4.jar:/home/vboxuser/.m2/repository/org/slf4j/slf4j-api/2.0.6/slf4j-api-2.0.6.jar:/home/vboxuser/.m2/repository/junit/junit/4.12/junit-4.12.jar:/home/vboxuser/.m2/repository/org/hamcrest/hamcrest-core/1.3/hamcrest-core-1.3.jar:"/>
    <property name="sun.cpu.endian" value="little"/>
    <property name="user.home" value="/home/vboxuser"/>
    <property name="user.language" value="en"/>
    <property name="java.specification.vendor" value="Oracle Corporation"/>
    <property name="java.version.date" value="2023-10-17"/>
    <property name="java.home" value="/usr/lib/jvm/java-17-openjdk-amd64"/>
    <property name="file.separator" value="/"/>
    <property name="basedir" value="/home/vboxuser/cse3310_sp24_group_18"/>
    <property name="java.vm.compressedOopsMode" value="Zero based"/>
    <property name="line.separator" value="&#10;"/>
    <property name="java.vm.specification.vendor" value="Oracle Corporation"/>
    <property name="java.specification.name" value="Java Platform API Specification"/>
    <property name="surefire.real.class.path" value="/home/vboxuser/cse3310_sp24_group_18/target/surefire/surefirebooter15897659204222183776.jar"/>
    <property name="sun.management.compiler" value="HotSpot 64-Bit Tiered Compilers"/>
    <property name="java.runtime.version" value="17.0.9+9-Ubuntu-122.04"/>
    <property name="user.name" value="vboxuser"/>
    <property name="path.separator" value=":"/>
    <property name="os.version" value="6.5.0-17-generic"/>
    <property name="java.runtime.name" value="OpenJDK Runtime Environment"/>
    <property name="file.encoding" value="UTF-8"/>
    <property name="java.vm.name" value="OpenJDK 64-Bit Server VM"/>
    <property name="localRepository" value="/home/vboxuser/.m2/repository"/>
    <property name="java.vendor.url.bug" value="Unknown"/>
    <property name="java.io.tmpdir" value="/tmp"/>
    <property name="java.version" value="17.0.9"/>
    <property name="user.dir" value="/home/vboxuser/cse3310_sp24_group_18"/>
    <property name="os.arch" value="amd64"/>
    <property name="java.vm.specification.name" value="Java Virtual Machine Specification"/>
    <property name="native.encoding" value="UTF-8"/>
    <property name="java.library.path" value="/usr/java/packages/lib:/usr/lib/x86_64-linux-gnu/jni:/lib/x86_64-linux-gnu:/usr/lib/x86_64-linux-gnu:/usr/lib/jni:/lib:/usr/lib"/>
    <property name="java.vm.info" value="mixed mode, sharing"/>
    <property name="java.vendor" value="Private Build"/>
    <property name="java.vm.version" value="17.0.9+9-Ubuntu-122.04"/>
    <property name="sun.io.unicode.encoding" value="UnicodeLittle"/>
    <property name="java.class.version" value="61.0"/>
  </properties>
  <testcase name="testCase" classname="uta.cse3310.GameTest" time="3.315">
    <system-out><![CDATA[Words loaded successfully. Total words loaded: 8650
Creating game with lobby name: TestLobby and room id: TestRoom
T R A C K E R X S N O T T U B L Q T P S 
P L E G A C Y B E C T G J K U L U E O P 
S C I F I C E P S T L R N U Z A I C V A 
C L S D R O C E R H R E E I D H T O E G 
G N I Y L P P A I R F E A A N G N R R N 
N H S T C E S N I E T G I R T R E D T E 
A T O N E A T M N A J B R T A M U S Y W 
I S V C S D H E A T S E A A N N E T T S 
N E P U O X E D S E E I E E W O C N E Q 
A C S R E N E O D N L N B C P A R E T R 
V N S C E N D M A E P G F R K S R F M N 
L A N P A P D U Q D A S O H U A F D C R 
Y R O X R B P E C X N D C O R K G O E X 
S G I S V O L O D T U U I C N N O T M D 
N A S S H I U E C C O G A E I L A R J M 
N R N K O A D D T T I D Z D E L W E N T 
E F E I T R D I L L E O N R F R O O T S 
P Y T L A U O E E Y D E D E S O P X E O 
R O X L N N U R S W P N I C A R A G U A 
B T E U L U F M R A H D E T T I M B U S 
----------PLACED WORDS-------------
CORD EXTENSIONS SKILL TREATMENT RELIGIOUS PROUDLY NAPLES THREATENED PENNSYLVANIA NICARAGUA HALL INSECTS ROOTS BEINGS ARCADE FRONTIER NASDAQ CLEARANCE DIVX JUDGES BEAR THEE TRACKER POVERTY AWARDED HARMFUL SUBMITTED WENT EXPOSED COPPER NATO RETURNING ASUS BUTTONS APPLYING SHADES CABLE LEGACY TONE FLAT TOUCH CONDUCT PRODUCTION COOLER MODEM FRAGRANCES QUIT ENDED PENDING RECORDS NEWS SPECIFICS DOZEN GAPS 

Total words: 54
------------------------------------


Density of valid words in the grid: 87.25%
josh found the word: CORD
josh has found: [CORD]
Word not found or already marked as found: CORD
adam found the word: EXTENSIONS
adam has found: [EXTENSIONS]
adam found the word: SKILL
adam has found: [EXTENSIONS, SKILL]
Resetting game in lobby: TestLobby
Game reset in lobby: TestLobby
]]></system-out>
  </testcase>
</testsuite>