<?xml version="1.0" encoding="UTF-8"?>
<testsuite xmlns:xsi="http://www.w3.org/2001/XMLSchema-instance" xsi:noNamespaceSchemaLocation="https://maven.apache.org/surefire/maven-surefire-plugin/xsd/surefire-test-report-3.0.xsd" version="3.0" name="uta.cse3310.GameTest" time="3.402" tests="1" errors="0" skipped="0" failures="0">
  <properties>
    <property name="java.specification.version" value="17"/>
    <property name="sun.jnu.encoding" value="UTF-8"/>
    <property name="java.class.path" value="/home/vboxuser/cse3310_sp24_group_18/target/test-classes:/home/vboxuser/cse3310_sp24_group_18/target/classes:/home/vboxuser/.m2/repository/net/freeutils/jlhttp/2.6/jlhttp-2.6.jar:/home/vboxuser/.m2/repository/com/google/code/gson/gson/2.8.9/gson-2.8.9.jar:/home/vboxuser/.m2/repository/org/java-websocket/Java-WebSocket/1.5.4/Java-WebSocket-1.5.4.jar:/home/vboxuser/.m2/repository/org/slf4j/slf4j-api/2.0.6/slf4j-api-2.0.6.jar:/home/vboxuser/.m2/repository/junit/junit/4.12/junit-4.12.jar:/home/vboxuser/.m2/repository/org/hamcrest/hamcrest-core/1.3/hamcrest-core-1.3.jar:"/>
    <property name="java.vm.vendor" value="Private Build"/>
    <property name="sun.arch.data.model" value="64"/>
    <property name="java.vendor.url" value="Unknown"/>
    <property name="os.name" value="Linux"/>
    <property name="java.vm.specification.version" value="17"/>
    <property name="sun.java.launcher" value="SUN_STANDARD"/>
    <property name="user.country" value="US"/>
    <property name="sun.boot.library.path" value="/usr/lib/jvm/java-17-openjdk-amd64/lib"/>
    <property name="sun.java.command" value="/home/vboxuser/cse3310_sp24_group_18/target/surefire/surefirebooter4273243482372522469.jar /home/vboxuser/cse3310_sp24_group_18/target/surefire 2024-04-25T11-30-21_685-jvmRun1 surefire14035829568187834566tmp surefire_04664733525063810608tmp"/>
    <property name="jdk.debug" value="release"/>
    <property name="surefire.test.class.path" value="/home/vboxuser/cse3310_sp24_group_18/target/test-classes:/home/vboxuser/cse3310_sp24_group_18/target/classes:/home/vboxuser/.m2/repository/net/freeutils/jlhttp/2.6/jlhttp-2.6.jar:/home/vboxuser/.m2/repository/com/google/code/gson/gson/2.8.9/gson-2.8.9.jar:/home/vboxuser/.m2/repository/org/java-websocket/Java-WebSocket/1.5.4/Java-WebSocket-1.5.4.jar:/home/vboxuser/.m2/repository/org/slf4j/slf4j-api/2.0.6/slf4j-api-2.0.6.jar:/home/vboxuser/.m2/repository/junit/junit/4.12/junit-4.12.jar:/home/vboxuser/.m2/repository/org/hamcrest/hamcrest-core/1.3/hamcrest-core-1.3.jar:"/>
    <property name="sun.cpu.endian" value="little"/>
    <property name="user.home" value="/home/vboxuser"/>
    <property name="user.language" value="en"/>
    <property name="java.specification.vendor" value="Oracle Corporation"/>
    <property name="java.version.date" value="2023-10-17"/>
    <property name="java.home" value="/usr/lib/jvm/java-17-openjdk-amd64"/>
    <property name="file.separator" value="/"/>
    <property name="basedir" value="/home/vboxuser/cse3310_sp24_group_18"/>
    <property name="java.vm.compressedOopsMode" value="Zero based"/>
    <property name="line.separator" value="&#10;"/>
    <property name="java.vm.specification.vendor" value="Oracle Corporation"/>
    <property name="java.specification.name" value="Java Platform API Specification"/>
    <property name="surefire.real.class.path" value="/home/vboxuser/cse3310_sp24_group_18/target/surefire/surefirebooter4273243482372522469.jar"/>
    <property name="sun.management.compiler" value="HotSpot 64-Bit Tiered Compilers"/>
    <property name="java.runtime.version" value="17.0.9+9-Ubuntu-122.04"/>
    <property name="user.name" value="vboxuser"/>
    <property name="path.separator" value=":"/>
    <property name="os.version" value="6.5.0-17-generic"/>
    <property name="java.runtime.name" value="OpenJDK Runtime Environment"/>
    <property name="file.encoding" value="UTF-8"/>
    <property name="java.vm.name" value="OpenJDK 64-Bit Server VM"/>
    <property name="localRepository" value="/home/vboxuser/.m2/repository"/>
    <property name="java.vendor.url.bug" value="Unknown"/>
    <property name="java.io.tmpdir" value="/tmp"/>
    <property name="java.version" value="17.0.9"/>
    <property name="user.dir" value="/home/vboxuser/cse3310_sp24_group_18"/>
    <property name="os.arch" value="amd64"/>
    <property name="java.vm.specification.name" value="Java Virtual Machine Specification"/>
    <property name="native.encoding" value="UTF-8"/>
    <property name="java.library.path" value="/usr/java/packages/lib:/usr/lib/x86_64-linux-gnu/jni:/lib/x86_64-linux-gnu:/usr/lib/x86_64-linux-gnu:/usr/lib/jni:/lib:/usr/lib"/>
    <property name="java.vm.info" value="mixed mode, sharing"/>
    <property name="java.vendor" value="Private Build"/>
    <property name="java.vm.version" value="17.0.9+9-Ubuntu-122.04"/>
    <property name="sun.io.unicode.encoding" value="UnicodeLittle"/>
    <property name="java.class.version" value="61.0"/>
  </properties>
  <testcase name="testCase" classname="uta.cse3310.GameTest" time="3.396">
    <system-out><![CDATA[Words loaded successfully. Total words loaded: 8650
Creating game with lobby name: TestLobby and room id: TestRoom
D S D A T L O N I M D R K G N I K E E S 
R S K K A A F F E C T E D M Y S P A C E 
M I T A S S E C N A H C S V O I D S S S 
D I E S O T S C H W A L T E O B L S T T 
I D N H H C A E O C T R P Q C A H D U L 
S O R I T G A N N N I O E R P R A P D U 
T O E C S S I T F O N R O T I I E D I D 
A R B O V T K H T O B E O L R C J T E A 
N D M N D T E C M R R P C Y D N E U S L 
C E E C A O S R O U I D S T K S O S E C 
E T T E T K W U S L R B E U E E L O O S 
S I P R O H X N A V B E U R R D N N N N 
G D E N M A S R W H N X S T P G T N T O 
N E S E G N S S A P X G P W E A E A Y I 
I Y W D Y S A I J U F E O S I T E R R T 
M E O A R D K R U O L F U N O M L T Y A 
A Z R H I L A C I P Y T N B A I R Y S T 
R T I A G N I D O C N E D B E T I T S I 
F T N S F A C I L I T Y S S E D A L B C 
S A B L A E D I S I L O P A N A I D N I 
----------PLACED WORDS-------------
SURGERY DOWN AFFECTED DOOR IDEAL TRAY TITS SEEKING CITATIONS OAKS ATTRIBUTE FACILITY ADULTS SEPTEMBER LAPTOP PASS CONTAIN EDITED BLADES VOID SECRET KENNY TOOL TYPICAL NOON EXHAUST BONES CHANCES CONCERNED STUDIES ATOM FRAMING FLOUR HANS HITS POUNDS PRICES DISTANCES HIGHS SERUM INDIANAPOLIS MYSPACE STANFORD DIANA DAIRY FUJI MEAT MINISTERS BLOCKS ENCODING WALT RICH CONNECTED THEIR MINOLTA SYRIA 

Total words: 56
------------------------------------


Density of valid words in the grid: 84.75%
josh found the word: SURGERY
josh has found: [SURGERY]
Word not found or already marked as found: SURGERY
adam found the word: DOWN
adam has found: [DOWN]
adam found the word: AFFECTED
adam has found: [DOWN, AFFECTED]
Resetting game in lobby: TestLobby
Game reset in lobby: TestLobby
]]></system-out>
  </testcase>
</testsuite>